<?xml version="1.0" encoding="UTF-8"?>
<!-- Generated by org.testng.reporters.JUnitXMLReporter -->
<testsuite hostname="P117" ignored="12" name="Acceptance-Suite" tests="5" failures="0" timestamp="2021-03-17T09:43:03 CET" time="219.848" errors="0">
  <testcase name="testGetVoicemod" time="9.969" classname="test.GetVoicemodTest"/>
  <testcase name="changeLanguage" time="29.581" classname="test.ChangeLanguageTest"/>
  <testcase name="goToPlayStoreTest" time="31.002" classname="test.GoToPlayStoreTest"/>
  <testcase name="goToPlayStoreTest" time="31.07" classname="test.GoToIosStoreTest"/>
  <testcase name="menuEntriesTest" time="118.015" classname="test.MenuEntriesTest"/>
  <testcase name="@AfterTest closeWindow" time="0.0" classname="configuration.TestSetConfig">
    <ignored/>
  </testcase> <!-- @AfterTest closeWindow -->
  <testcase name="@AfterTest closeWindow" time="0.0" classname="configuration.TestSetConfig">
    <ignored/>
  </testcase> <!-- @AfterTest closeWindow -->
  <testcase name="@AfterTest closeWindow" time="0.0" classname="configuration.TestSetConfig">
    <ignored/>
  </testcase> <!-- @AfterTest closeWindow -->
  <testcase name="@AfterTest closeWindow" time="0.0" classname="configuration.TestSetConfig">
    <ignored/>
  </testcase> <!-- @AfterTest closeWindow -->
  <testcase name="@AfterSuite tearDown" time="0.0" classname="configuration.TestSetConfig">
    <ignored/>
  </testcase> <!-- @AfterSuite tearDown -->
  <testcase name="@AfterSuite tearDown" time="0.0" classname="configuration.TestSetConfig">
    <ignored/>
  </testcase> <!-- @AfterSuite tearDown -->
  <testcase name="@AfterSuite tearDown" time="0.0" classname="configuration.TestSetConfig">
    <ignored/>
  </testcase> <!-- @AfterSuite tearDown -->
  <testcase name="@AfterSuite tearDown" time="0.0" classname="configuration.TestSetConfig">
    <ignored/>
  </testcase> <!-- @AfterSuite tearDown -->
  <testcase name="@BeforeSuite setUpConfiguration" time="0.0" classname="configuration.TestSetConfig">
    <ignored/>
  </testcase> <!-- @BeforeSuite setUpConfiguration -->
  <testcase name="@BeforeSuite setUpConfiguration" time="0.0" classname="configuration.TestSetConfig">
    <ignored/>
  </testcase> <!-- @BeforeSuite setUpConfiguration -->
  <testcase name="@BeforeSuite setUpConfiguration" time="0.0" classname="configuration.TestSetConfig">
    <ignored/>
  </testcase> <!-- @BeforeSuite setUpConfiguration -->
  <testcase name="@BeforeSuite setUpConfiguration" time="0.0" classname="configuration.TestSetConfig">
    <ignored/>
  </testcase> <!-- @BeforeSuite setUpConfiguration -->
</testsuite> <!-- Acceptance-Suite -->
