<?xml version="1.0" encoding="UTF-8"?>
<!-- Generated by org.testng.reporters.JUnitXMLReporter -->
<testsuite hostname="P117" ignored="9" name="Acceptance-Suite" tests="4" failures="0" timestamp="2021-03-16T21:22:46 CET" time="74.031" errors="0">
  <testcase name="testGetVoicemod" time="3.352" classname="test.GetVoicemodTest"/>
  <testcase name="changeLanguage" time="22.335" classname="test.ChangeLanguageTest"/>
  <testcase name="goToPlayStoreTest" time="24.394" classname="test.GoToPlayStoreTest"/>
  <testcase name="goToPlayStoreTest" time="23.204" classname="test.GoToIosStoreTest"/>
  <testcase name="@AfterTest closeWindow" time="0.0" classname="configuration.TestSetConfig">
    <ignored/>
  </testcase> <!-- @AfterTest closeWindow -->
  <testcase name="@AfterTest closeWindow" time="0.0" classname="configuration.TestSetConfig">
    <ignored/>
  </testcase> <!-- @AfterTest closeWindow -->
  <testcase name="@AfterTest closeWindow" time="0.0" classname="configuration.TestSetConfig">
    <ignored/>
  </testcase> <!-- @AfterTest closeWindow -->
  <testcase name="@AfterSuite tearDown" time="0.0" classname="configuration.TestSetConfig">
    <ignored/>
  </testcase> <!-- @AfterSuite tearDown -->
  <testcase name="@AfterSuite tearDown" time="0.0" classname="configuration.TestSetConfig">
    <ignored/>
  </testcase> <!-- @AfterSuite tearDown -->
  <testcase name="@AfterSuite tearDown" time="0.0" classname="configuration.TestSetConfig">
    <ignored/>
  </testcase> <!-- @AfterSuite tearDown -->
  <testcase name="@BeforeSuite setUpConfiguration" time="0.0" classname="configuration.TestSetConfig">
    <ignored/>
  </testcase> <!-- @BeforeSuite setUpConfiguration -->
  <testcase name="@BeforeSuite setUpConfiguration" time="0.0" classname="configuration.TestSetConfig">
    <ignored/>
  </testcase> <!-- @BeforeSuite setUpConfiguration -->
  <testcase name="@BeforeSuite setUpConfiguration" time="0.0" classname="configuration.TestSetConfig">
    <ignored/>
  </testcase> <!-- @BeforeSuite setUpConfiguration -->
</testsuite> <!-- Acceptance-Suite -->
