<?xml version="1.0" encoding="UTF-8"?>
<testng-results skipped="0" failed="0" ignored="12" total="17" passed="5">
  <reporter-output>
  </reporter-output>
  <suite name="Suite" duration-ms="219848" started-at="2021-03-17T09:39:23 CET" finished-at="2021-03-17T09:43:03 CET">
    <groups>
    </groups>
    <test name="Acceptance-Suite" duration-ms="219848" started-at="2021-03-17T09:39:23 CET" finished-at="2021-03-17T09:43:03 CET">
      <class name="test.GetVoicemodTest">
        <test-method status="PASS" signature="setUpConfiguration()[pri:0, instance:test.GetVoicemodTest@672872e1]" name="setUpConfiguration" is-config="true" duration-ms="4606" started-at="2021-03-17T09:39:18 CET" finished-at="2021-03-17T09:39:23 CET">
          <reporter-output>
          </reporter-output>
        </test-method> <!-- setUpConfiguration -->
        <test-method status="PASS" signature="beforeAllConfiguration(java.lang.reflect.Method)[pri:0, instance:test.GetVoicemodTest@672872e1]" name="beforeAllConfiguration" is-config="true" duration-ms="2" started-at="2021-03-17T09:39:23 CET" finished-at="2021-03-17T09:39:23 CET">
          <params>
            <param index="0">
              <value>
                <![CDATA[public void test.GetVoicemodTest.testGetVoicemod()]]>
              </value>
            </param>
          </params>
          <reporter-output>
          </reporter-output>
        </test-method> <!-- beforeAllConfiguration -->
        <test-method status="PASS" signature="testGetVoicemod()[pri:0, instance:test.GetVoicemodTest@672872e1]" name="testGetVoicemod" duration-ms="9969" started-at="2021-03-17T09:39:23 CET" finished-at="2021-03-17T09:39:33 CET">
          <reporter-output>
          </reporter-output>
        </test-method> <!-- testGetVoicemod -->
        <test-method status="PASS" signature="afterMethod(org.testng.ITestResult)[pri:0, instance:test.GetVoicemodTest@672872e1]" name="afterMethod" is-config="true" duration-ms="9" started-at="2021-03-17T09:39:33 CET" finished-at="2021-03-17T09:39:33 CET">
          <params>
            <param index="0">
              <value>
                <![CDATA[[TestResult name=testGetVoicemod status=SUCCESS method=GetVoicemodTest.testGetVoicemod()[pri:0, instance:test.GetVoicemodTest@672872e1] output={null}]]]>
              </value>
            </param>
          </params>
          <reporter-output>
          </reporter-output>
        </test-method> <!-- afterMethod -->
        <test-method status="PASS" signature="closeWindow()[pri:0, instance:test.GetVoicemodTest@672872e1]" name="closeWindow" is-config="true" duration-ms="135" started-at="2021-03-17T09:43:03 CET" finished-at="2021-03-17T09:43:03 CET">
          <reporter-output>
          </reporter-output>
        </test-method> <!-- closeWindow -->
        <test-method status="FAIL" signature="tearDown()[pri:0, instance:test.GetVoicemodTest@672872e1]" name="tearDown" is-config="true" duration-ms="6" started-at="2021-03-17T09:43:03 CET" finished-at="2021-03-17T09:43:03 CET">
          <exception class="org.openqa.selenium.NoSuchWindowException">
            <message>
              <![CDATA[Browsing context has been discarded
Build info: version: '3.141.59', revision: 'e82be7d358', time: '2018-11-14T08:17:03'
System info: host: 'P117', ip: '127.0.1.1', os.name: 'Linux', os.arch: 'amd64', os.version: '4.15.0-137-generic', java.version: '1.8.0_282'
Driver info: org.openqa.selenium.firefox.FirefoxDriver
Capabilities {acceptInsecureCerts: true, browserName: firefox, browserVersion: 86.0, javascriptEnabled: true, moz:accessibilityChecks: false, moz:buildID: 20210222142601, moz:geckodriverVersion: 0.28.0, moz:headless: false, moz:processID: 8332, moz:profile: /tmp/rust_mozprofilescxMYM, moz:shutdownTimeout: 60000, moz:useNonSpecCompliantPointerOrigin: false, moz:webdriverClick: true, pageLoadStrategy: normal, platform: LINUX, platformName: LINUX, platformVersion: 4.15.0-137-generic, rotatable: false, setWindowRect: true, strictFileInteractability: false, timeouts: {implicit: 0, pageLoad: 300000, script: 30000}, unhandledPromptBehavior: dismiss and notify}
Session ID: 4f39d0fd-18af-4712-a925-bb42d9bec916]]>
            </message>
            <full-stacktrace>
              <![CDATA[org.openqa.selenium.NoSuchWindowException: Browsing context has been discarded
Build info: version: '3.141.59', revision: 'e82be7d358', time: '2018-11-14T08:17:03'
System info: host: 'P117', ip: '127.0.1.1', os.name: 'Linux', os.arch: 'amd64', os.version: '4.15.0-137-generic', java.version: '1.8.0_282'
Driver info: org.openqa.selenium.firefox.FirefoxDriver
Capabilities {acceptInsecureCerts: true, browserName: firefox, browserVersion: 86.0, javascriptEnabled: true, moz:accessibilityChecks: false, moz:buildID: 20210222142601, moz:geckodriverVersion: 0.28.0, moz:headless: false, moz:processID: 8332, moz:profile: /tmp/rust_mozprofilescxMYM, moz:shutdownTimeout: 60000, moz:useNonSpecCompliantPointerOrigin: false, moz:webdriverClick: true, pageLoadStrategy: normal, platform: LINUX, platformName: LINUX, platformVersion: 4.15.0-137-generic, rotatable: false, setWindowRect: true, strictFileInteractability: false, timeouts: {implicit: 0, pageLoad: 300000, script: 30000}, unhandledPromptBehavior: dismiss and notify}
Session ID: 4f39d0fd-18af-4712-a925-bb42d9bec916
at sun.reflect.NativeConstructorAccessorImpl.newInstance0(Native Method)
at sun.reflect.NativeConstructorAccessorImpl.newInstance(NativeConstructorAccessorImpl.java:62)
at sun.reflect.DelegatingConstructorAccessorImpl.newInstance(DelegatingConstructorAccessorImpl.java:45)
at java.lang.reflect.Constructor.newInstance(Constructor.java:423)
at org.openqa.selenium.remote.http.W3CHttpResponseCodec.createException(W3CHttpResponseCodec.java:187)
at org.openqa.selenium.remote.http.W3CHttpResponseCodec.decode(W3CHttpResponseCodec.java:122)
at org.openqa.selenium.remote.http.W3CHttpResponseCodec.decode(W3CHttpResponseCodec.java:49)
at org.openqa.selenium.remote.HttpCommandExecutor.execute(HttpCommandExecutor.java:158)
at org.openqa.selenium.remote.service.DriverCommandExecutor.execute(DriverCommandExecutor.java:83)
at org.openqa.selenium.remote.RemoteWebDriver.execute(RemoteWebDriver.java:552)
at org.openqa.selenium.remote.RemoteWebDriver.execute(RemoteWebDriver.java:609)
at org.openqa.selenium.remote.RemoteWebDriver.close(RemoteWebDriver.java:442)
at configuration.TestSetConfig.tearDown(TestSetConfig.java:94)
at sun.reflect.NativeMethodAccessorImpl.invoke0(Native Method)
at sun.reflect.NativeMethodAccessorImpl.invoke(NativeMethodAccessorImpl.java:62)
at sun.reflect.DelegatingMethodAccessorImpl.invoke(DelegatingMethodAccessorImpl.java:43)
at java.lang.reflect.Method.invoke(Method.java:498)
at org.testng.internal.MethodInvocationHelper.invokeMethod(MethodInvocationHelper.java:132)
at org.testng.internal.MethodInvocationHelper.invokeMethodConsideringTimeout(MethodInvocationHelper.java:61)
at org.testng.internal.ConfigInvoker.invokeConfigurationMethod(ConfigInvoker.java:366)
at org.testng.internal.ConfigInvoker.invokeConfigurations(ConfigInvoker.java:320)
at org.testng.SuiteRunner.privateRun(SuiteRunner.java:351)
at org.testng.SuiteRunner.run(SuiteRunner.java:286)
at org.testng.SuiteRunnerWorker.runSuite(SuiteRunnerWorker.java:53)
at org.testng.SuiteRunnerWorker.run(SuiteRunnerWorker.java:96)
at org.testng.TestNG.runSuitesSequentially(TestNG.java:1218)
at org.testng.TestNG.runSuitesLocally(TestNG.java:1140)
at org.testng.TestNG.runSuites(TestNG.java:1069)
at org.testng.TestNG.run(TestNG.java:1037)
at org.testng.remote.AbstractRemoteTestNG.run(AbstractRemoteTestNG.java:115)
at org.testng.remote.RemoteTestNG.initAndRun(RemoteTestNG.java:251)
at org.testng.remote.RemoteTestNG.main(RemoteTestNG.java:77)
]]>
            </full-stacktrace>
          </exception> <!-- org.openqa.selenium.NoSuchWindowException -->
          <reporter-output>
          </reporter-output>
        </test-method> <!-- tearDown -->
      </class> <!-- test.GetVoicemodTest -->
      <class name="test.GoToPlayStoreTest">
        <test-method status="PASS" signature="beforeAllConfiguration(java.lang.reflect.Method)[pri:0, instance:test.GoToPlayStoreTest@3f56875e]" name="beforeAllConfiguration" is-config="true" duration-ms="4" started-at="2021-03-17T09:40:03 CET" finished-at="2021-03-17T09:40:03 CET">
          <params>
            <param index="0">
              <value>
                <![CDATA[public void test.GoToPlayStoreTest.goToPlayStoreTest()]]>
              </value>
            </param>
          </params>
          <reporter-output>
          </reporter-output>
        </test-method> <!-- beforeAllConfiguration -->
        <test-method status="PASS" signature="goToPlayStoreTest()[pri:0, instance:test.GoToPlayStoreTest@3f56875e]" name="goToPlayStoreTest" duration-ms="31002" started-at="2021-03-17T09:40:03 CET" finished-at="2021-03-17T09:40:34 CET">
          <reporter-output>
          </reporter-output>
        </test-method> <!-- goToPlayStoreTest -->
        <test-method status="PASS" signature="afterMethod(org.testng.ITestResult)[pri:0, instance:test.GoToPlayStoreTest@3f56875e]" name="afterMethod" is-config="true" duration-ms="1" started-at="2021-03-17T09:40:34 CET" finished-at="2021-03-17T09:40:34 CET">
          <params>
            <param index="0">
              <value>
                <![CDATA[[TestResult name=goToPlayStoreTest status=SUCCESS method=GoToPlayStoreTest.goToPlayStoreTest()[pri:0, instance:test.GoToPlayStoreTest@3f56875e] output={null}]]]>
              </value>
            </param>
          </params>
          <reporter-output>
          </reporter-output>
        </test-method> <!-- afterMethod -->
      </class> <!-- test.GoToPlayStoreTest -->
      <class name="test.MenuEntriesTest">
        <test-method status="PASS" signature="beforeAllConfiguration(java.lang.reflect.Method)[pri:0, instance:test.MenuEntriesTest@fd07cbb]" name="beforeAllConfiguration" is-config="true" duration-ms="4" started-at="2021-03-17T09:41:05 CET" finished-at="2021-03-17T09:41:05 CET">
          <params>
            <param index="0">
              <value>
                <![CDATA[public void test.MenuEntriesTest.menuEntriesTest()]]>
              </value>
            </param>
          </params>
          <reporter-output>
          </reporter-output>
        </test-method> <!-- beforeAllConfiguration -->
        <test-method status="PASS" signature="menuEntriesTest()[pri:0, instance:test.MenuEntriesTest@fd07cbb]" name="menuEntriesTest" duration-ms="118015" started-at="2021-03-17T09:41:05 CET" finished-at="2021-03-17T09:43:03 CET">
          <reporter-output>
          </reporter-output>
        </test-method> <!-- menuEntriesTest -->
        <test-method status="PASS" signature="afterMethod(org.testng.ITestResult)[pri:0, instance:test.MenuEntriesTest@fd07cbb]" name="afterMethod" is-config="true" duration-ms="1" started-at="2021-03-17T09:43:03 CET" finished-at="2021-03-17T09:43:03 CET">
          <params>
            <param index="0">
              <value>
                <![CDATA[[TestResult name=menuEntriesTest status=SUCCESS method=MenuEntriesTest.menuEntriesTest()[pri:0, instance:test.MenuEntriesTest@fd07cbb] output={null}]]]>
              </value>
            </param>
          </params>
          <reporter-output>
          </reporter-output>
        </test-method> <!-- afterMethod -->
      </class> <!-- test.MenuEntriesTest -->
      <class name="test.ChangeLanguageTest">
        <test-method status="PASS" signature="beforeAllConfiguration(java.lang.reflect.Method)[pri:0, instance:test.ChangeLanguageTest@32910148]" name="beforeAllConfiguration" is-config="true" duration-ms="1" started-at="2021-03-17T09:39:33 CET" finished-at="2021-03-17T09:39:33 CET">
          <params>
            <param index="0">
              <value>
                <![CDATA[public void test.ChangeLanguageTest.changeLanguage()]]>
              </value>
            </param>
          </params>
          <reporter-output>
          </reporter-output>
        </test-method> <!-- beforeAllConfiguration -->
        <test-method status="PASS" signature="changeLanguage()[pri:0, instance:test.ChangeLanguageTest@32910148]" name="changeLanguage" duration-ms="29581" started-at="2021-03-17T09:39:33 CET" finished-at="2021-03-17T09:40:03 CET">
          <reporter-output>
          </reporter-output>
        </test-method> <!-- changeLanguage -->
        <test-method status="PASS" signature="afterMethod(org.testng.ITestResult)[pri:0, instance:test.ChangeLanguageTest@32910148]" name="afterMethod" is-config="true" duration-ms="2" started-at="2021-03-17T09:40:03 CET" finished-at="2021-03-17T09:40:03 CET">
          <params>
            <param index="0">
              <value>
                <![CDATA[[TestResult name=changeLanguage status=SUCCESS method=ChangeLanguageTest.changeLanguage()[pri:0, instance:test.ChangeLanguageTest@32910148] output={null}]]]>
              </value>
            </param>
          </params>
          <reporter-output>
          </reporter-output>
        </test-method> <!-- afterMethod -->
      </class> <!-- test.ChangeLanguageTest -->
      <class name="test.GoToIosStoreTest">
        <test-method status="PASS" signature="beforeAllConfiguration(java.lang.reflect.Method)[pri:0, instance:test.GoToIosStoreTest@2b4bac49]" name="beforeAllConfiguration" is-config="true" duration-ms="11" started-at="2021-03-17T09:40:34 CET" finished-at="2021-03-17T09:40:34 CET">
          <params>
            <param index="0">
              <value>
                <![CDATA[public void test.GoToIosStoreTest.goToPlayStoreTest()]]>
              </value>
            </param>
          </params>
          <reporter-output>
          </reporter-output>
        </test-method> <!-- beforeAllConfiguration -->
        <test-method status="PASS" signature="goToPlayStoreTest()[pri:0, instance:test.GoToIosStoreTest@2b4bac49]" name="goToPlayStoreTest" duration-ms="31070" started-at="2021-03-17T09:40:34 CET" finished-at="2021-03-17T09:41:05 CET">
          <reporter-output>
          </reporter-output>
        </test-method> <!-- goToPlayStoreTest -->
        <test-method status="PASS" signature="afterMethod(org.testng.ITestResult)[pri:0, instance:test.GoToIosStoreTest@2b4bac49]" name="afterMethod" is-config="true" duration-ms="1" started-at="2021-03-17T09:41:05 CET" finished-at="2021-03-17T09:41:05 CET">
          <params>
            <param index="0">
              <value>
                <![CDATA[[TestResult name=goToPlayStoreTest status=SUCCESS method=GoToIosStoreTest.goToPlayStoreTest()[pri:0, instance:test.GoToIosStoreTest@2b4bac49] output={null}]]]>
              </value>
            </param>
          </params>
          <reporter-output>
          </reporter-output>
        </test-method> <!-- afterMethod -->
      </class> <!-- test.GoToIosStoreTest -->
    </test> <!-- Acceptance-Suite -->
  </suite> <!-- Suite -->
</testng-results>
